Arguments: 
  C:\Program Files\nodejs\node.exe C:\Users\Admin\AppData\Roaming\npm\node_modules\yarn\bin\yarn.js

PATH: 
  C:\Users\Admin\bin;C:\Program Files\Git\mingw64\bin;C:\Program Files\Git\usr\local\bin;C:\Program Files\Git\usr\bin;C:\Program Files\Git\usr\bin;C:\Program Files\Git\mingw64\bin;C:\Program Files\Git\usr\bin;C:\Users\Admin\bin;C:\Program Files (x86)\Google\Chrome\Application;C:\ProgramData\Oracle\Java\javapath;C:\Windows\system32;C:\Windows;C:\Windows\System32\Wbem;C:\Windows\System32\WindowsPowerShell\v1.0;C:\Program Files (x86)\Microsoft SQL Server\90\Tools\binn;C:\Program Files (x86)\Windows Kits\8.1\Windows Performance Toolkit;C:\Program Files\Microsoft SQL Server\110\Tools\Binn;C:\Program Files\Microsoft SQL Server\130\Tools\Binn;C:\Program Files (x86)\Microsoft SQL Server\110\Tools\Binn;C:\Program Files (x86)\Microsoft SQL Server\110\Tools\Binn\ManagementStudio;C:\Program Files (x86)\Microsoft Visual Studio 10.0\Common7\IDE\PrivateAssemblies;C:\Program Files (x86)\Microsoft SQL Server\110\DTS\Binn;C:\Program Files\Microsoft SQL Server\Client SDK\ODBC\110\Tools\Binn;C:\Program Files (x86)\Microsoft SQL Server\120\Tools\Binn;C:\Program Files\Microsoft SQL Server\120\Tools\Binn;C:\Program Files\Microsoft SQL Server\120\DTS\Binn;C:\Program Files (x86)\Microsoft SQL Server\120\Tools\Binn\ManagementStudio;C:\Program Files (x86)\Microsoft SQL Server\120\DTS\Binn;C:\Program Files\nodejs;C:\Program Files\Git\cmd;C:\Program Files (x86)\Microsoft SQL Server\130\DTS\Binn;C:\Users\Admin\AppData\Roaming\npm;C:\Program Files\Git\usr\bin\vendor_perl;C:\Program Files\Git\usr\bin\core_perl

Yarn version: 
  0.19.1

Node version: 
  6.9.4

Platform: 
  win32 x64

npm manifest: 
  {
    "name": "angular-webpack-workflow",
    "version": "1.1.0",
    "description": "A workflow for Angular made with Webpack",
    "scripts": {
      "build": "rimraf dist && webpack --bail --progress --profile",
      "server": "webpack-dev-server --history-api-fallback --inline --progress",
      "test": "karma start",
      "test-watch": "karma start --auto-watch --no-single-run",
      "start": "npm run server"
    },
    "repository": {
      "type": "git",
      "url": "https://github.com/Foxandxss/angular-webpack-workflow.git"
    },
    "author": "Jesus Rodriguez",
    "license": "MIT",
    "bugs": {
      "url": "https://github.com/Foxandxss/angular-webpack-workflow/issues"
    },
    "homepage": "https://github.com/Foxandxss/angular-webpack-workflow",
    "dependencies": {
      "angular": "^1.5.0"
    },
    "devDependencies": {
      "angular-mocks": "^1.5.0",
      "autoprefixer": "^6.0.3",
      "babel-core": "^6.2.1",
      "babel-loader": "^6.2.0",
      "babel-preset-es2015": "^6.1.18",
      "copy-webpack-plugin": "4.0.1",
      "css-loader": "0.26.1",
      "extract-text-webpack-plugin": "2.0.0-beta.5",
      "file-loader": "^0.9.0",
      "html-webpack-plugin": "^2.7.1",
      "istanbul-instrumenter-loader": "^1.0.0",
      "jasmine-core": "^2.3.4",
      "karma": "^1.1.0",
      "karma-coverage": "^1.0.0",
      "karma-jasmine": "^1.0.2",
      "karma-phantomjs-launcher": "^1.0.0",
      "karma-sourcemap-loader": "^0.3.7",
      "karma-spec-reporter": "0.0.26",
      "karma-webpack": "2.0.1",
      "node-libs-browser": "2.0.0",
      "null-loader": "^0.1.1",
      "phantomjs-prebuilt": "^2.1.4",
      "postcss-loader": "1.2.2",
      "raw-loader": "^0.5.1",
      "rimraf": "^2.5.1",
      "style-loader": "^0.13.0",
      "webpack": "2.2.0",
      "webpack-dev-server": "2.2.0"
    }
  }

yarn manifest: 
  No manifest

Lockfile: 
  No lockfile

Trace: 
  Error: connect ETIMEDOUT 104.16.62.173:443
      at Object.exports._errnoException (util.js:1022:11)
      at exports._exceptionWithHostPort (util.js:1045:20)
      at TCPConnectWrap.afterConnect [as oncomplete] (net.js:1087:14)
